<?xml version="1.0" encoding="UTF-8" ?>
<testsuite tests="5" failures="0" name="com.studentapp.junit.studentsinfo.FirstSerenityTest" time="93.95" errors="2" skipped="3">
  <properties>
[...]
</properties>
  <testcase classname="com.studentapp.junit.studentsinfo.FirstSerenityTest" name="thisIsaManualtest" time="12.703">
    <skipped/>
    <system-err>[main] INFO  - 

-------------------------------------------------------------------------------------
     _______. _______ .______       _______ .__   __.  __  .___________.____    ____ 
    /       ||   ____||   _  \     |   ____||  \ |  | |  | |           |\   \  /   / 
   |   (----`|  |__   |  |_)  |    |  |__   |   \|  | |  | `---|  |----` \   \/   /  
    \   \    |   __|  |      /     |   __|  |  . `  | |  |     |  |       \_    _/   
.----)   |   |  |____ |  |\  \----.|  |____ |  |\   | |  |     |  |         |  |     
|_______/    |_______|| _| `._____||_______||__| \__| |__|     |__|         |__|    
                                                                                     
 News and tutorials at http://www.serenity-bdd.info                                  
 Documentation at https://wakaleo.gitbooks.io/the-serenity-book/content/             
 Join the Serenity Community on Gitter: https://gitter.im/serenity-bdd/serenity-core 
 Serenity BDD Support and Training at http://serenity-bdd.info/#/trainingandsupport  
 Learn Serenity BDD online at https://www.serenitydojo.net                           
-------------------------------------------------------------------------------------

[main] INFO  - Test Suite Started: First serenity test
[main] INFO  - 
 _____ _____ ____ _____   ____ _____  _    ____ _____ _____ ____  
|_   _| ____/ ___|_   _| / ___|_   _|/ \  |  _ \_   _| ____|  _ \ 
  | | |  _| \___ \ | |   \___ \ | | / _ \ | |_) || | |  _| | | | |
  | | | |___ ___) || |    ___) || |/ ___ \|  _ &lt; | | | |___| |_| |
  |_| |_____|____/ |_|   |____/ |_/_/   \_\_| \_\|_| |_____|____/ 

thisIsaManualtest
-------------------------------------------------------------------
</system-err>
  </testcase>
  <testcase classname="com.studentapp.junit.studentsinfo.FirstSerenityTest" name="thisIsaFailing" time="26.327">
    <error type="java.lang.ExceptionInInitializerError">java.lang.ExceptionInInitializerError
	at net.serenitybdd.rest.utils.RestDecorationHelper.decorate(RestDecorationHelper.java:20)
	at net.serenitybdd.rest.SerenityRest.given(SerenityRest.java:216)
	at com.studentapp.junit.studentsinfo.FirstSerenityTest.thisIsaFailing(FirstSerenityTest.java:31)
	at sun.reflect.NativeMethodAccessorImpl.invoke0(Native Method)
	at sun.reflect.NativeMethodAccessorImpl.invoke(NativeMethodAccessorImpl.java:62)
	at sun.reflect.DelegatingMethodAccessorImpl.invoke(DelegatingMethodAccessorImpl.java:43)
	at java.lang.reflect.Method.invoke(Method.java:498)
	at org.junit.runners.model.FrameworkMethod$1.runReflectiveCall(FrameworkMethod.java:50)
	at org.junit.internal.runners.model.ReflectiveCallable.run(ReflectiveCallable.java:12)
	at org.junit.runners.model.FrameworkMethod.invokeExplosively(FrameworkMethod.java:47)
	at org.junit.internal.runners.statements.InvokeMethod.evaluate(InvokeMethod.java:17)
	at net.serenitybdd.junit.runners.SerenityStatement.evaluate(SerenityStatement.java:33)
	at org.junit.runners.ParentRunner.runLeaf(ParentRunner.java:325)
	at org.junit.runners.BlockJUnit4ClassRunner.runChild(BlockJUnit4ClassRunner.java:78)
	at net.serenitybdd.junit.runners.SerenityRunner.performRunChild(SerenityRunner.java:464)
	at net.serenitybdd.junit.runners.SerenityRunner.runChild(SerenityRunner.java:438)
	at net.serenitybdd.junit.runners.SerenityRunner.runChild(SerenityRunner.java:45)
	at org.junit.runners.ParentRunner$3.run(ParentRunner.java:290)
	at org.junit.runners.ParentRunner$1.schedule(ParentRunner.java:71)
	at org.junit.runners.ParentRunner.runChildren(ParentRunner.java:288)
	at org.junit.runners.ParentRunner.access$000(ParentRunner.java:58)
	at org.junit.runners.ParentRunner$2.evaluate(ParentRunner.java:268)
	at org.junit.internal.runners.statements.RunBefores.evaluate(RunBefores.java:26)
	at org.junit.runners.ParentRunner.run(ParentRunner.java:363)
	at net.serenitybdd.junit.runners.SerenityRunner.run(SerenityRunner.java:242)
	at org.apache.maven.surefire.junit4.JUnit4Provider.execute(JUnit4Provider.java:252)
	at org.apache.maven.surefire.junit4.JUnit4Provider.executeTestSet(JUnit4Provider.java:141)
	at org.apache.maven.surefire.junit4.JUnit4Provider.invoke(JUnit4Provider.java:112)
	at sun.reflect.NativeMethodAccessorImpl.invoke0(Native Method)
	at sun.reflect.NativeMethodAccessorImpl.invoke(NativeMethodAccessorImpl.java:62)
	at sun.reflect.DelegatingMethodAccessorImpl.invoke(DelegatingMethodAccessorImpl.java:43)
	at java.lang.reflect.Method.invoke(Method.java:498)
	at org.apache.maven.surefire.util.ReflectionUtils.invokeMethodWithArray(ReflectionUtils.java:189)
	at org.apache.maven.surefire.booter.ProviderFactory$ProviderProxy.invoke(ProviderFactory.java:165)
	at org.apache.maven.surefire.booter.ProviderFactory.invokeProvider(ProviderFactory.java:85)
	at org.apache.maven.surefire.booter.ForkedBooter.runSuitesInProcess(ForkedBooter.java:115)
	at org.apache.maven.surefire.booter.ForkedBooter.main(ForkedBooter.java:75)
Caused by: java.lang.IllegalArgumentException: Cannot resolve ambiguous delegation of public io.restassured.specification.ResponseSpecification io.restassured.specification.ResponseSpecification.root(java.lang.String) to net.bytebuddy.implementation.bind.MethodDelegationBinder$MethodBinding$Builder$Build@994a4c85 or net.bytebuddy.implementation.bind.MethodDelegationBinder$MethodBinding$Builder$Build@27ecd025
	at net.bytebuddy.implementation.bind.MethodDelegationBinder$BindingResolver$Default.doResolve(MethodDelegationBinder.java:636)
	at net.bytebuddy.implementation.bind.MethodDelegationBinder$BindingResolver$Default.doResolve(MethodDelegationBinder.java:650)
	at net.bytebuddy.implementation.bind.MethodDelegationBinder$BindingResolver$Default.doResolve(MethodDelegationBinder.java:655)
	at net.bytebuddy.implementation.bind.MethodDelegationBinder$BindingResolver$Default.doResolve(MethodDelegationBinder.java:650)
	at net.bytebuddy.implementation.bind.MethodDelegationBinder$BindingResolver$Default.doResolve(MethodDelegationBinder.java:655)
	at net.bytebuddy.implementation.bind.MethodDelegationBinder$BindingResolver$Default.doResolve(MethodDelegationBinder.java:647)
	at net.bytebuddy.implementation.bind.MethodDelegationBinder$BindingResolver$Default.doResolve(MethodDelegationBinder.java:647)
	at net.bytebuddy.implementation.bind.MethodDelegationBinder$BindingResolver$Default.doResolve(MethodDelegationBinder.java:647)
	at net.bytebuddy.implementation.bind.MethodDelegationBinder$BindingResolver$Default.doResolve(MethodDelegationBinder.java:650)
	at net.bytebuddy.implementation.bind.MethodDelegationBinder$BindingResolver$Default.doResolve(MethodDelegationBinder.java:650)
	at net.bytebuddy.implementation.bind.MethodDelegationBinder$BindingResolver$Default.doResolve(MethodDelegationBinder.java:647)
	at net.bytebuddy.implementation.bind.MethodDelegationBinder$BindingResolver$Default.doResolve(MethodDelegationBinder.java:647)
	at net.bytebuddy.implementation.bind.MethodDelegationBinder$BindingResolver$Default.doResolve(MethodDelegationBinder.java:647)
	at net.bytebuddy.implementation.bind.MethodDelegationBinder$BindingResolver$Default.resolve(MethodDelegationBinder.java:611)
	at net.bytebuddy.implementation.bind.MethodDelegationBinder$Processor.bind(MethodDelegationBinder.java:1098)
	at net.bytebuddy.implementation.MethodDelegation$Appender.apply(MethodDelegation.java:1282)
	at net.bytebuddy.dynamic.scaffold.TypeWriter$MethodPool$Record$ForDefinedMethod$WithBody.applyCode(TypeWriter.java:713)
	at net.bytebuddy.dynamic.scaffold.TypeWriter$MethodPool$Record$ForDefinedMethod$WithBody.applyBody(TypeWriter.java:698)
	at net.bytebuddy.dynamic.scaffold.TypeWriter$MethodPool$Record$ForDefinedMethod.apply(TypeWriter.java:605)
	at net.bytebuddy.dynamic.scaffold.TypeWriter$Default$ForCreation.create(TypeWriter.java:5133)
	at net.bytebuddy.dynamic.scaffold.TypeWriter$Default.make(TypeWriter.java:1933)
	at net.bytebuddy.dynamic.scaffold.subclass.SubclassDynamicTypeBuilder.make(SubclassDynamicTypeBuilder.java:225)
	at net.bytebuddy.dynamic.scaffold.subclass.SubclassDynamicTypeBuilder.make(SubclassDynamicTypeBuilder.java:198)
	at net.bytebuddy.dynamic.DynamicType$Builder$AbstractBase.make(DynamicType.java:3404)
	at net.bytebuddy.dynamic.DynamicType$Builder$AbstractBase$Delegator.make(DynamicType.java:3600)
	at net.serenitybdd.rest.utils.RestSpecificationFactory.&lt;clinit&gt;(RestSpecificationFactory.java:53)
	... 37 more
</error>
    <system-err>[main] INFO  - 
 _____ _____ ____ _____   ____ _____  _    ____ _____ _____ ____  
|_   _| ____/ ___|_   _| / ___|_   _|/ \  |  _ \_   _| ____|  _ \ 
  | | |  _| \___ \ | |   \___ \ | | / _ \ | |_) || | |  _| | | | |
  | | | |___ ___) || |    ___) || |/ ___ \|  _ &lt; | | | |___| |_| |
  |_| |_____|____/ |_|   |____/ |_/_/   \_\_| \_\|_| |_____|____/ 

thisIsaFailing
-------------------------------------------------------------------
</system-err>
  </testcase>
  <testcase classname="com.studentapp.junit.studentsinfo.FirstSerenityTest" name="thisIsaPending" time="26.956">
    <skipped/>
    <system-err>[main] ERROR  - 
         __  _____ _____ ____ _____   _____ ____  ____   ___  ____  
 _      / / |_   _| ____/ ___|_   _| | ____|  _ \|  _ \ / _ \|  _ \ 
(_)____| |    | | |  _| \___ \ | |   |  _| | |_) | |_) | | | | |_) |
 |_____| |    | | | |___ ___) || |   | |___|  _ &lt;|  _ &lt;| |_| |  _ &lt; 
(_)    | |    |_| |_____|____/ |_|   |_____|_| \_\_| \_\\___/|_| \_\
        \_\                                                         

This isa failing
---------------------------------------------------------------------
[main] ERROR  -     
[main] INFO  - 
 _____ _____ ____ _____   ____ _____  _    ____ _____ _____ ____  
|_   _| ____/ ___|_   _| / ___|_   _|/ \  |  _ \_   _| ____|  _ \ 
  | | |  _| \___ \ | |   \___ \ | | / _ \ | |_) || | |  _| | | | |
  | | | |___ ___) || |    ___) || |/ ___ \|  _ &lt; | | | |___| |_| |
  |_| |_____|____/ |_|   |____/ |_/_/   \_\_| \_\|_| |_____|____/ 

thisIsaPending
-------------------------------------------------------------------
[main] INFO  - 
          __  _____ _____ ____ _____   ____  _____ _   _ ____ ___ _   _  ____ 
 _       / / |_   _| ____/ ___|_   _| |  _ \| ____| \ | |  _ \_ _| \ | |/ ___|
(_)____ / /    | | |  _| \___ \ | |   | |_) |  _| |  \| | | | | ||  \| | |  _ 
 |_____/ /     | | | |___ ___) || |   |  __/| |___| |\  | |_| | || |\  | |_| |
(_)   /_/      |_| |_____|____/ |_|   |_|   |_____|_| \_|____/___|_| \_|\____|

This isa pending
-------------------------------------------------------------------------------
</system-err>
  </testcase>
  <testcase classname="com.studentapp.junit.studentsinfo.FirstSerenityTest" name="thisIsaskippedtest" time="27.454">
    <skipped/>
    <system-err>[main] INFO  - 
 _____ _____ ____ _____   ____ _____  _    ____ _____ _____ ____  
|_   _| ____/ ___|_   _| / ___|_   _|/ \  |  _ \_   _| ____|  _ \ 
  | | |  _| \___ \ | |   \___ \ | | / _ \ | |_) || | |  _| | | | |
  | | | |___ ___) || |    ___) || |/ ___ \|  _ &lt; | | | |___| |_| |
  |_| |_____|____/ |_|   |____/ |_/_/   \_\_| \_\|_| |_____|____/ 

thisIsaskippedtest
-------------------------------------------------------------------
[main] INFO  -       -&gt; TEST IGNORED
[main] INFO  - 
            __  _____ _____ ____ _____   ____  _  _____ ____  ____  _____ ____  
  _        / / |_   _| ____/ ___|_   _| / ___|| |/ /_ _|  _ \|  _ \| ____|  _ \ 
 (_)_____ / /    | | |  _| \___ \ | |   \___ \| &apos; / | || |_) | |_) |  _| | | | |
  _|_____/ /     | | | |___ ___) || |    ___) | . \ | ||  __/|  __/| |___| |_| |
 (_)    /_/      |_| |_____|____/ |_|   |____/|_|\_\___|_|   |_|   |_____|____/ 

This isaskippedtest
---------------------------------------------------------------------------------
</system-err>
  </testcase>
  <testcase classname="com.studentapp.junit.studentsinfo.FirstSerenityTest" name="getAllStudents" time="0.51">
    <error message="Could not initialize class net.serenitybdd.rest.utils.RestSpecificationFactory" type="java.lang.NoClassDefFoundError">java.lang.NoClassDefFoundError: Could not initialize class net.serenitybdd.rest.utils.RestSpecificationFactory
	at net.serenitybdd.rest.utils.RestDecorationHelper.decorate(RestDecorationHelper.java:20)
	at net.serenitybdd.rest.SerenityRest.given(SerenityRest.java:216)
	at com.studentapp.junit.studentsinfo.FirstSerenityTest.getAllStudents(FirstSerenityTest.java:25)
	at sun.reflect.NativeMethodAccessorImpl.invoke0(Native Method)
	at sun.reflect.NativeMethodAccessorImpl.invoke(NativeMethodAccessorImpl.java:62)
	at sun.reflect.DelegatingMethodAccessorImpl.invoke(DelegatingMethodAccessorImpl.java:43)
	at java.lang.reflect.Method.invoke(Method.java:498)
	at org.junit.runners.model.FrameworkMethod$1.runReflectiveCall(FrameworkMethod.java:50)
	at org.junit.internal.runners.model.ReflectiveCallable.run(ReflectiveCallable.java:12)
	at org.junit.runners.model.FrameworkMethod.invokeExplosively(FrameworkMethod.java:47)
	at org.junit.internal.runners.statements.InvokeMethod.evaluate(InvokeMethod.java:17)
	at net.serenitybdd.junit.runners.SerenityStatement.evaluate(SerenityStatement.java:33)
	at org.junit.runners.ParentRunner.runLeaf(ParentRunner.java:325)
	at org.junit.runners.BlockJUnit4ClassRunner.runChild(BlockJUnit4ClassRunner.java:78)
	at net.serenitybdd.junit.runners.SerenityRunner.performRunChild(SerenityRunner.java:464)
	at net.serenitybdd.junit.runners.SerenityRunner.runChild(SerenityRunner.java:438)
	at net.serenitybdd.junit.runners.SerenityRunner.runChild(SerenityRunner.java:45)
	at org.junit.runners.ParentRunner$3.run(ParentRunner.java:290)
	at org.junit.runners.ParentRunner$1.schedule(ParentRunner.java:71)
	at org.junit.runners.ParentRunner.runChildren(ParentRunner.java:288)
	at org.junit.runners.ParentRunner.access$000(ParentRunner.java:58)
	at org.junit.runners.ParentRunner$2.evaluate(ParentRunner.java:268)
	at org.junit.internal.runners.statements.RunBefores.evaluate(RunBefores.java:26)
	at org.junit.runners.ParentRunner.run(ParentRunner.java:363)
	at net.serenitybdd.junit.runners.SerenityRunner.run(SerenityRunner.java:242)
	at org.apache.maven.surefire.junit4.JUnit4Provider.execute(JUnit4Provider.java:252)
	at org.apache.maven.surefire.junit4.JUnit4Provider.executeTestSet(JUnit4Provider.java:141)
	at org.apache.maven.surefire.junit4.JUnit4Provider.invoke(JUnit4Provider.java:112)
	at sun.reflect.NativeMethodAccessorImpl.invoke0(Native Method)
	at sun.reflect.NativeMethodAccessorImpl.invoke(NativeMethodAccessorImpl.java:62)
	at sun.reflect.DelegatingMethodAccessorImpl.invoke(DelegatingMethodAccessorImpl.java:43)
	at java.lang.reflect.Method.invoke(Method.java:498)
	at org.apache.maven.surefire.util.ReflectionUtils.invokeMethodWithArray(ReflectionUtils.java:189)
	at org.apache.maven.surefire.booter.ProviderFactory$ProviderProxy.invoke(ProviderFactory.java:165)
	at org.apache.maven.surefire.booter.ProviderFactory.invokeProvider(ProviderFactory.java:85)
	at org.apache.maven.surefire.booter.ForkedBooter.runSuitesInProcess(ForkedBooter.java:115)
	at org.apache.maven.surefire.booter.ForkedBooter.main(ForkedBooter.java:75)
</error>
    <system-err>[main] INFO  - 
 _____ _____ ____ _____   ____ _____  _    ____ _____ _____ ____  
|_   _| ____/ ___|_   _| / ___|_   _|/ \  |  _ \_   _| ____|  _ \ 
  | | |  _| \___ \ | |   \___ \ | | / _ \ | |_) || | |  _| | | | |
  | | | |___ ___) || |    ___) || |/ ___ \|  _ &lt; | | | |___| |_| |
  |_| |_____|____/ |_|   |____/ |_/_/   \_\_| \_\|_| |_____|____/ 

getAllStudents
-------------------------------------------------------------------
</system-err>
  </testcase>
</testsuite>